<?xml version="1.0" encoding="UTF-8"?>
<!-- Generated by org.testng.reporters.JUnitReportReporter -->
<testsuite hostname="MSI" failures="0" tests="1" name="Academy.validateNavigationBar" time="0.045" errors="0" timestamp="2021-11-05T14:39:38 IST" skipped="0">
  <testcase classname="Academy.validateNavigationBar" name="validateAppNavBar" time="0.045"/>
  <system-out/>
</testsuite> <!-- Academy.validateNavigationBar -->
