<?xml version="1.0" encoding="UTF-8"?>
<!-- Generated by org.testng.reporters.JUnitReportReporter -->
<testsuite hostname="MSI" failures="0" tests="2" name="Academy.HomePage" time="8.073" errors="0" timestamp="2021-11-05T14:39:38 IST" skipped="0">
  <testcase classname="Academy.HomePage" name="basePageNavigation" time="1.982"/>
  <system-out/>
  <testcase classname="Academy.HomePage" name="basePageNavigation" time="6.091"/>
  <system-out/>
</testsuite> <!-- Academy.HomePage -->
